
> @gharsamma/api@0.1.0 dev /home/theaavashh/workplace/workaholic/celebrate-multi/gharsamma-ecommerce/apps/api
> tsx watch src/index.ts

2026-04-01 17:59:15:5915 [33mwarn[39m: [33mREDIS_URL not configured, Redis will not be used[39m
Server running on port 4444
Environment: development
 Health check: http://localhost:4444/health
prisma:info Starting a postgresql pool with 5 connections.
prisma:query SELECT "public"."users"."id", "public"."users"."email", "public"."users"."role"::text, "public"."users"."isActive" FROM "public"."users" WHERE ("public"."users"."id" = $1 AND ("public"."users"."role" = CAST($2::text AS "public"."UserRole") AND "public"."users"."isActive" = $3)) LIMIT $4 OFFSET $5
prisma:query SELECT "public"."users"."id", "public"."users"."email", "public"."users"."role"::text, "public"."users"."isActive" FROM "public"."users" WHERE ("public"."users"."id" = $1 AND ("public"."users"."role" = CAST($2::text AS "public"."UserRole") AND "public"."users"."isActive" = $3)) LIMIT $4 OFFSET $5
prisma:query SELECT 1
prisma:query SELECT "public"."users"."id", "public"."users"."email", "public"."users"."username", "public"."users"."firstName", "public"."users"."lastName", "public"."users"."phone", "public"."users"."avatar", "public"."users"."role"::text, "public"."users"."isActive", "public"."users"."emailVerified", "public"."users"."createdAt", "public"."users"."updatedAt" FROM "public"."users" WHERE ("public"."users"."id" = $1 AND "public"."users"."role" = CAST($2::text AS "public"."UserRole") AND "public"."users"."isActive" = $3) LIMIT $4 OFFSET $5
prisma:query SELECT "public"."users"."id", "public"."users"."email", "public"."users"."username", "public"."users"."firstName", "public"."users"."lastName", "public"."users"."phone", "public"."users"."avatar", "public"."users"."role"::text, "public"."users"."isActive", "public"."users"."emailVerified", "public"."users"."createdAt", "public"."users"."updatedAt" FROM "public"."users" WHERE ("public"."users"."id" = $1 AND "public"."users"."role" = CAST($2::text AS "public"."UserRole") AND "public"."users"."isActive" = $3) LIMIT $4 OFFSET $5
prisma:query SELECT 1
prisma:query SELECT "public"."users"."id", "public"."users"."email", "public"."users"."username", "public"."users"."firstName", "public"."users"."lastName", "public"."users"."phone", "public"."users"."avatar", "public"."users"."role"::text, "public"."users"."isActive", "public"."users"."emailVerified", "public"."users"."createdAt", "public"."users"."updatedAt" FROM "public"."users" WHERE ("public"."users"."id" = $1 AND "public"."users"."role" = CAST($2::text AS "public"."UserRole") AND "public"."users"."isActive" = $3) LIMIT $4 OFFSET $5
prisma:query SELECT "public"."users"."id", "public"."users"."email", "public"."users"."username", "public"."users"."firstName", "public"."users"."lastName", "public"."users"."phone", "public"."users"."avatar", "public"."users"."role"::text, "public"."users"."isActive", "public"."users"."emailVerified", "public"."users"."createdAt", "public"."users"."updatedAt" FROM "public"."users" WHERE ("public"."users"."id" = $1 AND "public"."users"."role" = CAST($2::text AS "public"."UserRole") AND "public"."users"."isActive" = $3) LIMIT $4 OFFSET $5
prisma:query SELECT "public"."users"."id", "public"."users"."email", "public"."users"."role"::text, "public"."users"."isActive" FROM "public"."users" WHERE ("public"."users"."id" = $1 AND ("public"."users"."role" = CAST($2::text AS "public"."UserRole") AND "public"."users"."isActive" = $3)) LIMIT $4 OFFSET $5
2026-04-01 18:16:38:1638 [32minfo[39m: [32mMedia file uploaded successfully[39m {"originalName":"cart.png","size":22535,"type":"image","url":"/uploads/media/file-1775046698130-378220851.png","path":"/uploads/media/file-1775046698130-378220851.png","filename":"file-1775046698130-378220851.png"}
prisma:query SELECT 1
prisma:query SELECT 1
2026-04-01 18:17:56:1756 [33mwarn[39m: [33mSlow query detected:[39m {"query":"SELECT 1","params":"[]","duration":146}
prisma:query SELECT "public"."users"."id", "public"."users"."email", "public"."users"."role"::text, "public"."users"."isActive" FROM "public"."users" WHERE ("public"."users"."id" = $1 AND ("public"."users"."role" = CAST($2::text AS "public"."UserRole") AND "public"."users"."isActive" = $3)) LIMIT $4 OFFSET $5
prisma:query SELECT "public"."users"."id", "public"."users"."email", "public"."users"."username", "public"."users"."firstName", "public"."users"."lastName", "public"."users"."phone", "public"."users"."avatar", "public"."users"."role"::text, "public"."users"."isActive", "public"."users"."emailVerified", "public"."users"."createdAt", "public"."users"."updatedAt" FROM "public"."users" WHERE ("public"."users"."id" = $1 AND "public"."users"."role" = CAST($2::text AS "public"."UserRole") AND "public"."users"."isActive" = $3) LIMIT $4 OFFSET $5
prisma:query SELECT "public"."users"."id", "public"."users"."email", "public"."users"."username", "public"."users"."role"::text, "public"."users"."isActive" FROM "public"."users" WHERE ("public"."users"."id" = $1 AND 1=1) LIMIT $2 OFFSET $3
prisma:query SELECT "public"."top_banners"."id", "public"."top_banners"."title", "public"."top_banners"."isActive", "public"."top_banners"."createdAt", "public"."top_banners"."updatedAt" FROM "public"."top_banners" WHERE "public"."top_banners"."isActive" = $1 ORDER BY "public"."top_banners"."createdAt" DESC OFFSET $2
prisma:query SELECT "public"."wishlist_items"."id", "public"."wishlist_items"."userId", "public"."wishlist_items"."productId", "public"."wishlist_items"."createdAt" FROM "public"."wishlist_items" WHERE "public"."wishlist_items"."userId" = $1 ORDER BY "public"."wishlist_items"."createdAt" DESC OFFSET $2
prisma:query SELECT 1
prisma:query SELECT 1
prisma:query SELECT "public"."users"."id", "public"."users"."email", "public"."users"."username", "public"."users"."role"::text, "public"."users"."isActive" FROM "public"."users" WHERE ("public"."users"."id" = $1 AND 1=1) LIMIT $2 OFFSET $3
prisma:query SELECT "public"."users"."id", "public"."users"."email", "public"."users"."role"::text, "public"."users"."isActive" FROM "public"."users" WHERE ("public"."users"."id" = $1 AND ("public"."users"."role" = CAST($2::text AS "public"."UserRole") AND "public"."users"."isActive" = $3)) LIMIT $4 OFFSET $5
prisma:query SELECT "public"."wishlist_items"."id", "public"."wishlist_items"."userId", "public"."wishlist_items"."productId", "public"."wishlist_items"."createdAt" FROM "public"."wishlist_items" WHERE "public"."wishlist_items"."userId" = $1 ORDER BY "public"."wishlist_items"."createdAt" DESC OFFSET $2
prisma:query SELECT 1
prisma:query SELECT "public"."users"."id", "public"."users"."email", "public"."users"."username", "public"."users"."role"::text, "public"."users"."isActive" FROM "public"."users" WHERE ("public"."users"."id" = $1 AND 1=1) LIMIT $2 OFFSET $3
prisma:query SELECT "public"."wishlist_items"."id", "public"."wishlist_items"."userId", "public"."wishlist_items"."productId", "public"."wishlist_items"."createdAt" FROM "public"."wishlist_items" WHERE "public"."wishlist_items"."userId" = $1 ORDER BY "public"."wishlist_items"."createdAt" DESC OFFSET $2
prisma:query SELECT "public"."top_banners"."id", "public"."top_banners"."title", "public"."top_banners"."isActive", "public"."top_banners"."createdAt", "public"."top_banners"."updatedAt" FROM "public"."top_banners" WHERE "public"."top_banners"."isActive" = $1 ORDER BY "public"."top_banners"."createdAt" DESC OFFSET $2
prisma:query SELECT "public"."users"."id", "public"."users"."email", "public"."users"."username", "public"."users"."role"::text, "public"."users"."isActive" FROM "public"."users" WHERE ("public"."users"."id" = $1 AND 1=1) LIMIT $2 OFFSET $3
prisma:query SELECT "public"."users"."id", "public"."users"."email", "public"."users"."role"::text, "public"."users"."isActive" FROM "public"."users" WHERE ("public"."users"."id" = $1 AND ("public"."users"."role" = CAST($2::text AS "public"."UserRole") AND "public"."users"."isActive" = $3)) LIMIT $4 OFFSET $5
prisma:query SELECT "public"."wishlist_items"."id", "public"."wishlist_items"."userId", "public"."wishlist_items"."productId", "public"."wishlist_items"."createdAt" FROM "public"."wishlist_items" WHERE "public"."wishlist_items"."userId" = $1 ORDER BY "public"."wishlist_items"."createdAt" DESC OFFSET $2
prisma:query SELECT 1
prisma:query SELECT "public"."users"."id", "public"."users"."email", "public"."users"."username", "public"."users"."firstName", "public"."users"."lastName", "public"."users"."phone", "public"."users"."avatar", "public"."users"."role"::text, "public"."users"."isActive", "public"."users"."emailVerified", "public"."users"."createdAt", "public"."users"."updatedAt" FROM "public"."users" WHERE ("public"."users"."id" = $1 AND "public"."users"."role" = CAST($2::text AS "public"."UserRole") AND "public"."users"."isActive" = $3) LIMIT $4 OFFSET $5
prisma:query SELECT 1
2026-04-01 18:35:18:3518 [33mwarn[39m: [33mSlow query detected:[39m {"query":"SELECT 1","params":"[]","duration":292}
prisma:query SELECT "public"."users"."id", "public"."users"."email", "public"."users"."username", "public"."users"."firstName", "public"."users"."lastName", "public"."users"."phone", "public"."users"."avatar", "public"."users"."role"::text, "public"."users"."isActive", "public"."users"."emailVerified", "public"."users"."createdAt", "public"."users"."updatedAt" FROM "public"."users" WHERE ("public"."users"."id" = $1 AND "public"."users"."role" = CAST($2::text AS "public"."UserRole") AND "public"."users"."isActive" = $3) LIMIT $4 OFFSET $5
2026-04-01 18:35:19:3519 [33mwarn[39m: [33mSlow query detected:[39m {"query":"SELECT \"public\".\"users\".\"id\", \"public\".\"users\".\"email\", \"public\".\"users\".\"username\", \"public\".\"users\".\"firstName\", \"public\".\"users\".\"lastName\", \"public\".\"users\".\"phone\", \"public\".\"users\".\"avatar\", \"public\".\"users\".\"role\"::text, \"public\".\"users\".\"isActive\", \"public\".\"users\".\"emailVerified\", \"public\".\"users\".\"createdAt\", \"public\".\"users\".\"updatedAt\" FROM \"public\".\"users\" WHERE (\"public\".\"users\".\"id\" = $1 AND \"public\".\"users\".\"role\" = CAST($2::text AS \"public\".\"UserRole\") AND \"public\".\"users\".\"isActive\" = $3) LIMIT $4 OFFSET $5","params":"[\"cmk32mfxw00007phb2zihcnhc\",\"ADMIN\",true,1,0]","duration":135}
